; ----------------------------------------------------------------------
; PARSING User POLICY
; Source file:  c:\Windows\System32\GroupPolicy\User\Registry.pol

User
Software\Microsoft\Windows\CurrentVersion\Policies\Attachments
ScanWithAntiVirus
DWORD:3

User
Software\Microsoft\Windows\CurrentVersion\Policies\Attachments
SaveZoneInformation
DWORD:2

User
Software\Microsoft\Windows\CurrentVersion\Policies\Explorer
NoInplaceSharing
DWORD:1

User
Software\Policies\Microsoft\Internet Explorer\Control Panel
Certificates
DWORD:1

User
Software\Policies\Microsoft\Internet Explorer\Restrictions
NoSelectDownloadDir
DWORD:1

User
Software\Policies\Microsoft\Windows\CloudContent
DisableThirdPartySuggestions
DWORD:1

User
Software\Policies\Microsoft\Windows\Control Panel\Desktop
ScreenSaveTimeOut
SZ:900

User
Software\Policies\Microsoft\Windows\Control Panel\Desktop
ScreenSaverIsSecure
SZ:1

User
Software\Policies\Microsoft\Windows\Control Panel\Desktop
SCRNSAVE.EXE
SZ:scrnsave.scr

User
Software\Policies\Microsoft\Windows\Control Panel\Desktop
ScreenSaveActive
SZ:1

User
Software\Policies\Microsoft\Windows\CurrentVersion\PushNotifications
NoToastApplicationNotificationOnLockScreen
DWORD:1

User
Software\Policies\Microsoft\Windows\Installer
AlwaysInstallElevated
DWORD:0

; PARSING COMPLETED.
; ----------------------------------------------------------------------
